Removed Pin From Net: NetName=GND Pin=MD1-4
Removed Pin From Net: NetName=GND Pin=MD1-29
Removed Pin From Net: NetName=+5 Pin=MD1-30
Removed Pin From Net: NetName=GND Pin=MD2-4
Removed Pin From Net: NetName=GND Pin=MD2-29
Removed Pin From Net: NetName=+5 Pin=MD2-30
Removed Member From Class: ClassName=Omnicron_PCB Member=D_10_13
Removed Member From Class: ClassName=Omnicron_PCB Member=MD1
Removed Member From Class: ClassName=Omnicron_PCB Member=MD2
Change Component Designator: OldDesignator=A1_07 NewDesignator=B2
Change Component Designator: OldDesignator=A2_07 NewDesignator=C2
Change Component Designator: OldDesignator=C1 NewDesignator=C10
Change Component Designator: OldDesignator=D1_29 NewDesignator=B1
Change Component Designator: OldDesignator=D2_29 NewDesignator=D1
Change Component Designator: OldDesignator=D_10_13 NewDesignator=C1
Change Component Designator: OldDesignator=U1 NewDesignator=U3
Added Component: Designator=C11(FP-S103M47Z5UN63L0R-MFG)
Add component (AddParameter): Name = "Capacitance"; Value = "10nF"; VariantName = "[No Variations]"
Add component (AddParameter): Name = "Case/Package"; Value = "Radial"; VariantName = "[No Variations]"
Add component (AddParameter): Name = "Composition"; Value = "Ceramic"; VariantName = "[No Variations]"
Add component (AddParameter): Name = "Depth"; Value = "4mm"; VariantName = "[No Variations]"
Add component (AddParameter): Name = "Dielectric"; Value = "Z5U"; VariantName = "[No Variations]"
Add component (AddParameter): Name = "Dissipation Factor"; Value = "2.5%"; VariantName = "[No Variations]"
Add component (AddParameter): Name = "Height - Seated (Max)"; Value = "16.7894mm"; VariantName = "[No Variations]"
Add component (AddParameter): Name = "Lead Diameter"; Value = "600µm"; VariantName = "[No Variations]"
Add component (AddParameter): Name = "Lead Free"; Value = "Lead Free"; VariantName = "[No Variations]"
Add component (AddParameter): Name = "Lead Pitch"; Value = "10mm"; VariantName = "[No Variations]"
Add component (AddParameter): Name = "Lead/Base Style"; Value = "Straight"; VariantName = "[No Variations]"
Add component (AddParameter): Name = "Max Operating Temperature"; Value = "85°C"; VariantName = "[No Variations]"
Add component (AddParameter): Name = "Min Operating Temperature"; Value = "-30°C"; VariantName = "[No Variations]"
Add component (AddParameter): Name = "Mount"; Value = "Through Hole"; VariantName = "[No Variations]"
Add component (AddParameter): Name = "NexarPartId"; Value = "41847003"; VariantName = "[No Variations]"
Add component (AddParameter): Name = "Packaging"; Value = "Bulk"; VariantName = "[No Variations]"
Add component (AddParameter): Name = "Radiation Hardening"; Value = "No"; VariantName = "[No Variations]"
Add component (AddParameter): Name = "REACH SVHC"; Value = "Unknown"; VariantName = "[No Variations]"
Add component (AddParameter): Name = "RoHS"; Value = "Compliant"; VariantName = "[No Variations]"
Add component (AddParameter): Name = "Schedule B"; Value = "8532230060, 8532230060"; VariantName = "[No Variations]"
Add component (AddParameter): Name = "Termination"; Value = "Radial"; VariantName = "[No Variations]"
Add component (AddParameter): Name = "Tolerance"; Value = "20%"; VariantName = "[No Variations]"
Add component (AddParameter): Name = "Voltage Rating"; Value = "1kV"; VariantName = "[No Variations]"
Add component (AddParameter): Name = "Voltage Rating (DC)"; Value = "1kV"; VariantName = "[No Variations]"
Added Component: Designator=C12(FP-S103M47Z5UN63L0R-MFG)
Add component (AddParameter): Name = "Capacitance"; Value = "10nF"; VariantName = "[No Variations]"
Add component (AddParameter): Name = "Case/Package"; Value = "Radial"; VariantName = "[No Variations]"
Add component (AddParameter): Name = "Composition"; Value = "Ceramic"; VariantName = "[No Variations]"
Add component (AddParameter): Name = "Depth"; Value = "4mm"; VariantName = "[No Variations]"
Add component (AddParameter): Name = "Dielectric"; Value = "Z5U"; VariantName = "[No Variations]"
Add component (AddParameter): Name = "Dissipation Factor"; Value = "2.5%"; VariantName = "[No Variations]"
Add component (AddParameter): Name = "Height - Seated (Max)"; Value = "16.7894mm"; VariantName = "[No Variations]"
Add component (AddParameter): Name = "Lead Diameter"; Value = "600µm"; VariantName = "[No Variations]"
Add component (AddParameter): Name = "Lead Free"; Value = "Lead Free"; VariantName = "[No Variations]"
Add component (AddParameter): Name = "Lead Pitch"; Value = "10mm"; VariantName = "[No Variations]"
Add component (AddParameter): Name = "Lead/Base Style"; Value = "Straight"; VariantName = "[No Variations]"
Add component (AddParameter): Name = "Max Operating Temperature"; Value = "85°C"; VariantName = "[No Variations]"
Add component (AddParameter): Name = "Min Operating Temperature"; Value = "-30°C"; VariantName = "[No Variations]"
Add component (AddParameter): Name = "Mount"; Value = "Through Hole"; VariantName = "[No Variations]"
Add component (AddParameter): Name = "NexarPartId"; Value = "41847003"; VariantName = "[No Variations]"
Add component (AddParameter): Name = "Packaging"; Value = "Bulk"; VariantName = "[No Variations]"
Add component (AddParameter): Name = "Radiation Hardening"; Value = "No"; VariantName = "[No Variations]"
Add component (AddParameter): Name = "REACH SVHC"; Value = "Unknown"; VariantName = "[No Variations]"
Add component (AddParameter): Name = "RoHS"; Value = "Compliant"; VariantName = "[No Variations]"
Add component (AddParameter): Name = "Schedule B"; Value = "8532230060, 8532230060"; VariantName = "[No Variations]"
Add component (AddParameter): Name = "Termination"; Value = "Radial"; VariantName = "[No Variations]"
Add component (AddParameter): Name = "Tolerance"; Value = "20%"; VariantName = "[No Variations]"
Add component (AddParameter): Name = "Voltage Rating"; Value = "1kV"; VariantName = "[No Variations]"
Add component (AddParameter): Name = "Voltage Rating (DC)"; Value = "1kV"; VariantName = "[No Variations]"
Added Component: Designator=C13(FP-S103M47Z5UN63L0R-MFG)
Add component (AddParameter): Name = "Capacitance"; Value = "10nF"; VariantName = "[No Variations]"
Add component (AddParameter): Name = "Case/Package"; Value = "Radial"; VariantName = "[No Variations]"
Add component (AddParameter): Name = "Composition"; Value = "Ceramic"; VariantName = "[No Variations]"
Add component (AddParameter): Name = "Depth"; Value = "4mm"; VariantName = "[No Variations]"
Add component (AddParameter): Name = "Dielectric"; Value = "Z5U"; VariantName = "[No Variations]"
Add component (AddParameter): Name = "Dissipation Factor"; Value = "2.5%"; VariantName = "[No Variations]"
Add component (AddParameter): Name = "Height - Seated (Max)"; Value = "16.7894mm"; VariantName = "[No Variations]"
Add component (AddParameter): Name = "Lead Diameter"; Value = "600µm"; VariantName = "[No Variations]"
Add component (AddParameter): Name = "Lead Free"; Value = "Lead Free"; VariantName = "[No Variations]"
Add component (AddParameter): Name = "Lead Pitch"; Value = "10mm"; VariantName = "[No Variations]"
Add component (AddParameter): Name = "Lead/Base Style"; Value = "Straight"; VariantName = "[No Variations]"
Add component (AddParameter): Name = "Max Operating Temperature"; Value = "85°C"; VariantName = "[No Variations]"
Add component (AddParameter): Name = "Min Operating Temperature"; Value = "-30°C"; VariantName = "[No Variations]"
Add component (AddParameter): Name = "Mount"; Value = "Through Hole"; VariantName = "[No Variations]"
Add component (AddParameter): Name = "NexarPartId"; Value = "41847003"; VariantName = "[No Variations]"
Add component (AddParameter): Name = "Packaging"; Value = "Bulk"; VariantName = "[No Variations]"
Add component (AddParameter): Name = "Radiation Hardening"; Value = "No"; VariantName = "[No Variations]"
Add component (AddParameter): Name = "REACH SVHC"; Value = "Unknown"; VariantName = "[No Variations]"
Add component (AddParameter): Name = "RoHS"; Value = "Compliant"; VariantName = "[No Variations]"
Add component (AddParameter): Name = "Schedule B"; Value = "8532230060, 8532230060"; VariantName = "[No Variations]"
Add component (AddParameter): Name = "Termination"; Value = "Radial"; VariantName = "[No Variations]"
Add component (AddParameter): Name = "Tolerance"; Value = "20%"; VariantName = "[No Variations]"
Add component (AddParameter): Name = "Voltage Rating"; Value = "1kV"; VariantName = "[No Variations]"
Add component (AddParameter): Name = "Voltage Rating (DC)"; Value = "1kV"; VariantName = "[No Variations]"
Added Component: Designator=C14(FP-S103M47Z5UN63L0R-MFG)
Add component (AddParameter): Name = "Capacitance"; Value = "10nF"; VariantName = "[No Variations]"
Add component (AddParameter): Name = "Case/Package"; Value = "Radial"; VariantName = "[No Variations]"
Add component (AddParameter): Name = "Composition"; Value = "Ceramic"; VariantName = "[No Variations]"
Add component (AddParameter): Name = "Depth"; Value = "4mm"; VariantName = "[No Variations]"
Add component (AddParameter): Name = "Dielectric"; Value = "Z5U"; VariantName = "[No Variations]"
Add component (AddParameter): Name = "Dissipation Factor"; Value = "2.5%"; VariantName = "[No Variations]"
Add component (AddParameter): Name = "Height - Seated (Max)"; Value = "16.7894mm"; VariantName = "[No Variations]"
Add component (AddParameter): Name = "Lead Diameter"; Value = "600µm"; VariantName = "[No Variations]"
Add component (AddParameter): Name = "Lead Free"; Value = "Lead Free"; VariantName = "[No Variations]"
Add component (AddParameter): Name = "Lead Pitch"; Value = "10mm"; VariantName = "[No Variations]"
Add component (AddParameter): Name = "Lead/Base Style"; Value = "Straight"; VariantName = "[No Variations]"
Add component (AddParameter): Name = "Max Operating Temperature"; Value = "85°C"; VariantName = "[No Variations]"
Add component (AddParameter): Name = "Min Operating Temperature"; Value = "-30°C"; VariantName = "[No Variations]"
Add component (AddParameter): Name = "Mount"; Value = "Through Hole"; VariantName = "[No Variations]"
Add component (AddParameter): Name = "NexarPartId"; Value = "41847003"; VariantName = "[No Variations]"
Add component (AddParameter): Name = "Packaging"; Value = "Bulk"; VariantName = "[No Variations]"
Add component (AddParameter): Name = "Radiation Hardening"; Value = "No"; VariantName = "[No Variations]"
Add component (AddParameter): Name = "REACH SVHC"; Value = "Unknown"; VariantName = "[No Variations]"
Add component (AddParameter): Name = "RoHS"; Value = "Compliant"; VariantName = "[No Variations]"
Add component (AddParameter): Name = "Schedule B"; Value = "8532230060, 8532230060"; VariantName = "[No Variations]"
Add component (AddParameter): Name = "Termination"; Value = "Radial"; VariantName = "[No Variations]"
Add component (AddParameter): Name = "Tolerance"; Value = "20%"; VariantName = "[No Variations]"
Add component (AddParameter): Name = "Voltage Rating"; Value = "1kV"; VariantName = "[No Variations]"
Add component (AddParameter): Name = "Voltage Rating (DC)"; Value = "1kV"; VariantName = "[No Variations]"
Added Component: Designator=D2(FP-TSW-108-08-G-S-MFG)
Add component (AddParameter): Name = "Automotive"; Value = "No"; VariantName = "[No Variations]"
Add component (AddParameter): Name = "Category"; Value = "Conn"; VariantName = "[No Variations]"
Add component (AddParameter): Name = "ComponentLink2Description"; Value = "Datasheet"; VariantName = "[No Variations]"
Add component (AddParameter): Name = "ComponentLink2URL"; Value = "http://suddendocs.samtec.com/catalog_english/tsw_th.pdf"; VariantName = "[No Variations]"
Add component (AddParameter): Name = "Conn Gender"; Value = "Male"; VariantName = "[No Variations]"
Add component (AddParameter): Name = "Conn Orientation"; Value = "Straight"; VariantName = "[No Variations]"
Add component (AddParameter): Name = "Contact Material"; Value = "Gold,Nickel"; VariantName = "[No Variations]"
Add component (AddParameter): Name = "Device Class L1"; Value = "Connectors"; VariantName = "[No Variations]"
Add component (AddParameter): Name = "Device Class L2"; Value = "Headers and Wire Housings"; VariantName = "[No Variations]"
Add component (AddParameter): Name = "Device Class L3"; Value = "unset"; VariantName = "[No Variations]"
Add component (AddParameter): Name = "Digikey Description"; Value = "CONN HEADER VERT 8POS 2.54MM"; VariantName = "[No Variations]"
Add component (AddParameter): Name = "Footprint Url"; Value = "http://suddendocs.samtec.com/prints/tsw-xxx-xx-x-x-xx-xxx-footprint.pdf"; VariantName = "[No Variations]"
Add component (AddParameter): Name = "Height"; Value = "8.71mm"; VariantName = "[No Variations]"
Add component (AddParameter): Name = "Lead Free"; Value = "Yes"; VariantName = "[No Variations]"
Add component (AddParameter): Name = "Manufacturer"; Value = "Samtec"; VariantName = "[No Variations]"
Add component (AddParameter): Name = "Manufacturer Part Number"; Value = "TSW-108-08-G-S"; VariantName = "[No Variations]"
Add component (AddParameter): Name = "Mouser Description"; Value = "TSW - Samtec 2.54mm Pin Header 13.46mm Overall Pin Length 5.08mm Tail"; VariantName = "[No Variations]"
Add component (AddParameter): Name = "Number Of Contacts"; Value = "8"; VariantName = "[No Variations]"
Add component (AddParameter): Name = "Number Of Rows"; Value = "1"; VariantName = "[No Variations]"
Add component (AddParameter): Name = "Octopart"; Value = "https://octopart.com/tsw-108-08-g-s-samtec-272653"; VariantName = "[No Variations]"
Add component (AddParameter): Name = "Package"; Value = "TSW-108-08-G-S"; VariantName = "[No Variations]"
Add component (AddParameter): Name = "Pitch"; Value = "2.54mm"; VariantName = "[No Variations]"
Add component (AddParameter): Name = "RoHS"; Value = "TRUE"; VariantName = "[No Variations]"
Add component (AddParameter): Name = "Temperature"; Value = "-55°C to +125°C"; VariantName = "[No Variations]"
Add component (AddParameter): Name = "Temperature Range High"; Value = "+125°C"; VariantName = "[No Variations]"
Add component (AddParameter): Name = "Temperature Range Low"; Value = "-55°C"; VariantName = "[No Variations]"
Added Component: Designator=U1(28P3)
Add component (AddParameter): Name = "ComponentLink1Description"; Value = "Manufacturer URL"; VariantName = "[No Variations]"
Add component (AddParameter): Name = "ComponentLink1URL"; Value = "http://www.atmel.com/"; VariantName = "[No Variations]"
Add component (AddParameter): Name = "ComponentLink2Description"; Value = "ATmega48A/48PA/88A/88PA/168A/168PA/328/328P Datasheet"; VariantName = "[No Variations]"
Add component (AddParameter): Name = "ComponentLink2URL"; Value = "http://www.atmel.com/dyn/resources/prod_documents/8271.pdf"; VariantName = "[No Variations]"
Add component (AddParameter): Name = "ComponentLink3Description"; Value = "ATmega48A/48PA/88A/88PA/168A/168PA/328/328P Summary"; VariantName = "[No Variations]"
Add component (AddParameter): Name = "ComponentLink3URL"; Value = "http://www.atmel.com/dyn/resources/prod_documents/8271S.pdf"; VariantName = "[No Variations]"
Add component (AddParameter): Name = "DatasheetVersion"; Value = "revD, May-2011"; VariantName = "[No Variations]"
Add component (AddParameter): Name = "PackageDescription"; Value = "28-lead (0.300"/7.62mm Wide) Plastic Dual Inline Package (PDIP)"; VariantName = "[No Variations]"
Add component (AddParameter): Name = "PackageReference"; Value = "28P3"; VariantName = "[No Variations]"
Add component (AddParameter): Name = "PackageVersion"; Value = "revB, Sep-2001"; VariantName = "[No Variations]"
Add component (AddParameter): Name = "RevisionNote"; Value = "DatasheetVersion updated. URLs added."; VariantName = "[No Variations]"
Added Component: Designator=U2(28P3)
Add component (AddParameter): Name = "ComponentLink1Description"; Value = "Manufacturer URL"; VariantName = "[No Variations]"
Add component (AddParameter): Name = "ComponentLink1URL"; Value = "http://www.atmel.com/"; VariantName = "[No Variations]"
Add component (AddParameter): Name = "ComponentLink2Description"; Value = "ATmega48A/48PA/88A/88PA/168A/168PA/328/328P Datasheet"; VariantName = "[No Variations]"
Add component (AddParameter): Name = "ComponentLink2URL"; Value = "http://www.atmel.com/dyn/resources/prod_documents/8271.pdf"; VariantName = "[No Variations]"
Add component (AddParameter): Name = "ComponentLink3Description"; Value = "ATmega48A/48PA/88A/88PA/168A/168PA/328/328P Summary"; VariantName = "[No Variations]"
Add component (AddParameter): Name = "ComponentLink3URL"; Value = "http://www.atmel.com/dyn/resources/prod_documents/8271S.pdf"; VariantName = "[No Variations]"
Add component (AddParameter): Name = "DatasheetVersion"; Value = "revD, May-2011"; VariantName = "[No Variations]"
Add component (AddParameter): Name = "PackageDescription"; Value = "28-lead (0.300"/7.62mm Wide) Plastic Dual Inline Package (PDIP)"; VariantName = "[No Variations]"
Add component (AddParameter): Name = "PackageReference"; Value = "28P3"; VariantName = "[No Variations]"
Add component (AddParameter): Name = "PackageVersion"; Value = "revB, Sep-2001"; VariantName = "[No Variations]"
Add component (AddParameter): Name = "RevisionNote"; Value = "DatasheetVersion updated. URLs added."; VariantName = "[No Variations]"
Added Component: Designator=Y1(FP-ECS-80-20-4X-MFG)
Add component (AddParameter): Name = "ESR (Equivalent Series Resistance)"; Value = "80O"; VariantName = "[No Variations]"
Add component (AddParameter): Name = "Frequency"; Value = "8MHz"; VariantName = "[No Variations]"
Add component (AddParameter): Name = "Frequency Stability"; Value = "50ppm"; VariantName = "[No Variations]"
Add component (AddParameter): Name = "Frequency Tolerance"; Value = "0.003%"; VariantName = "[No Variations]"
Add component (AddParameter): Name = "Height"; Value = "3.5mm"; VariantName = "[No Variations]"
Add component (AddParameter): Name = "Lead Free"; Value = "Lead Free"; VariantName = "[No Variations]"
Add component (AddParameter): Name = "Length"; Value = "11.3538mm"; VariantName = "[No Variations]"
Add component (AddParameter): Name = "Load Capacitance"; Value = "20pF"; VariantName = "[No Variations]"
Add component (AddParameter): Name = "Max Operating Temperature"; Value = "70°C"; VariantName = "[No Variations]"
Add component (AddParameter): Name = "Min Operating Temperature"; Value = "-10°C"; VariantName = "[No Variations]"
Add component (AddParameter): Name = "Mount"; Value = "Through Hole"; VariantName = "[No Variations]"
Add component (AddParameter): Name = "NexarPartId"; Value = "316504"; VariantName = "[No Variations]"
Add component (AddParameter): Name = "Number of Pins"; Value = "49"; VariantName = "[No Variations]"
Add component (AddParameter): Name = "Packaging"; Value = "Bulk"; VariantName = "[No Variations]"
Add component (AddParameter): Name = "RoHS"; Value = "Compliant"; VariantName = "[No Variations]"
Add component (AddParameter): Name = "Schedule B"; Value = "8541600025, 8541600025"; VariantName = "[No Variations]"
Add component (AddParameter): Name = "Termination"; Value = "Radial"; VariantName = "[No Variations]"
Add component (AddParameter): Name = "Tolerance"; Value = "0.003%"; VariantName = "[No Variations]"
Add component (AddParameter): Name = "Width"; Value = "4.65mm"; VariantName = "[No Variations]"
Added Component: Designator=Y2(FP-ECS-80-20-4X-MFG)
Add component (AddParameter): Name = "ESR (Equivalent Series Resistance)"; Value = "80O"; VariantName = "[No Variations]"
Add component (AddParameter): Name = "Frequency"; Value = "8MHz"; VariantName = "[No Variations]"
Add component (AddParameter): Name = "Frequency Stability"; Value = "50ppm"; VariantName = "[No Variations]"
Add component (AddParameter): Name = "Frequency Tolerance"; Value = "0.003%"; VariantName = "[No Variations]"
Add component (AddParameter): Name = "Height"; Value = "3.5mm"; VariantName = "[No Variations]"
Add component (AddParameter): Name = "Lead Free"; Value = "Lead Free"; VariantName = "[No Variations]"
Add component (AddParameter): Name = "Length"; Value = "11.3538mm"; VariantName = "[No Variations]"
Add component (AddParameter): Name = "Load Capacitance"; Value = "20pF"; VariantName = "[No Variations]"
Add component (AddParameter): Name = "Max Operating Temperature"; Value = "70°C"; VariantName = "[No Variations]"
Add component (AddParameter): Name = "Min Operating Temperature"; Value = "-10°C"; VariantName = "[No Variations]"
Add component (AddParameter): Name = "Mount"; Value = "Through Hole"; VariantName = "[No Variations]"
Add component (AddParameter): Name = "NexarPartId"; Value = "316504"; VariantName = "[No Variations]"
Add component (AddParameter): Name = "Number of Pins"; Value = "49"; VariantName = "[No Variations]"
Add component (AddParameter): Name = "Packaging"; Value = "Bulk"; VariantName = "[No Variations]"
Add component (AddParameter): Name = "RoHS"; Value = "Compliant"; VariantName = "[No Variations]"
Add component (AddParameter): Name = "Schedule B"; Value = "8541600025, 8541600025"; VariantName = "[No Variations]"
Add component (AddParameter): Name = "Termination"; Value = "Radial"; VariantName = "[No Variations]"
Add component (AddParameter): Name = "Tolerance"; Value = "0.003%"; VariantName = "[No Variations]"
Add component (AddParameter): Name = "Width"; Value = "4.65mm"; VariantName = "[No Variations]"
Added Pin To Net: NetName=GND Pin=C11-1
Added Pin To Net: NetName=GND Pin=C12-1
Added Pin To Net: NetName=GND Pin=C13-1
Added Pin To Net: NetName=GND Pin=C14-1
Added Pin To Net: NetName=+5 Pin=U1-7
Added Pin To Net: NetName=GND Pin=U1-8
Added Pin To Net: NetName=+5 Pin=U1-20
Added Pin To Net: NetName=+5 Pin=U1-21
Added Pin To Net: NetName=GND Pin=U1-22
Added Pin To Net: NetName=+5 Pin=U2-7
Added Pin To Net: NetName=GND Pin=U2-8
Added Pin To Net: NetName=+5 Pin=U2-20
Added Pin To Net: NetName=+5 Pin=U2-21
Added Pin To Net: NetName=GND Pin=U2-22
Added Pin To Net: NetName=NetB1_1 Pin=B1-1
Added Pin To Net: NetName=NetB1_1 Pin=U1-14
Added Net: Name=NetB1_1
Added Pin To Net: NetName=NetB1_2 Pin=B1-2
Added Pin To Net: NetName=NetB1_2 Pin=U1-15
Added Net: Name=NetB1_2
Added Pin To Net: NetName=NetB1_3 Pin=B1-3
Added Pin To Net: NetName=NetB1_3 Pin=U1-16
Added Net: Name=NetB1_3
Added Pin To Net: NetName=NetB1_4 Pin=B1-4
Added Pin To Net: NetName=NetB1_4 Pin=U1-17
Added Net: Name=NetB1_4
Added Pin To Net: NetName=NetB1_5 Pin=B1-5
Added Pin To Net: NetName=NetB1_5 Pin=U1-18
Added Net: Name=NetB1_5
Added Pin To Net: NetName=NetB1_6 Pin=B1-6
Added Pin To Net: NetName=NetB1_6 Pin=U1-19
Added Net: Name=NetB1_6
Added Pin To Net: NetName=NetB1_7 Pin=B1-7
Added Pin To Net: NetName=NetB1_7 Pin=C11-2
Added Pin To Net: NetName=NetB1_7 Pin=U1-9
Added Pin To Net: NetName=NetB1_7 Pin=Y1-2
Added Net: Name=NetB1_7
Added Pin To Net: NetName=NetB1_8 Pin=B1-8
Added Pin To Net: NetName=NetB1_8 Pin=C12-2
Added Pin To Net: NetName=NetB1_8 Pin=U1-10
Added Pin To Net: NetName=NetB1_8 Pin=Y1-1
Added Net: Name=NetB1_8
Added Pin To Net: NetName=NetB2_1 Pin=B2-1
Added Pin To Net: NetName=NetB2_1 Pin=U2-14
Added Net: Name=NetB2_1
Added Pin To Net: NetName=NetB2_2 Pin=B2-2
Added Pin To Net: NetName=NetB2_2 Pin=U2-15
Added Net: Name=NetB2_2
Added Pin To Net: NetName=NetB2_3 Pin=B2-3
Added Pin To Net: NetName=NetB2_3 Pin=U2-16
Added Net: Name=NetB2_3
Added Pin To Net: NetName=NetB2_4 Pin=B2-4
Added Pin To Net: NetName=NetB2_4 Pin=U2-17
Added Net: Name=NetB2_4
Added Pin To Net: NetName=NetB2_5 Pin=B2-5
Added Pin To Net: NetName=NetB2_5 Pin=U2-18
Added Net: Name=NetB2_5
Added Pin To Net: NetName=NetB2_6 Pin=B2-6
Added Pin To Net: NetName=NetB2_6 Pin=U2-19
Added Net: Name=NetB2_6
Added Pin To Net: NetName=NetB2_7 Pin=B2-7
Added Pin To Net: NetName=NetB2_7 Pin=C13-2
Added Pin To Net: NetName=NetB2_7 Pin=U2-9
Added Pin To Net: NetName=NetB2_7 Pin=Y2-2
Added Net: Name=NetB2_7
Added Pin To Net: NetName=NetB2_8 Pin=B2-8
Added Pin To Net: NetName=NetB2_8 Pin=C14-2
Added Pin To Net: NetName=NetB2_8 Pin=U2-10
Added Pin To Net: NetName=NetB2_8 Pin=Y2-1
Added Net: Name=NetB2_8
Added Pin To Net: NetName=NetC1_1 Pin=C1-1
Added Pin To Net: NetName=NetC1_1 Pin=U2-23
Added Net: Name=NetC1_1
Added Pin To Net: NetName=NetC1_2 Pin=C1-2
Added Pin To Net: NetName=NetC1_2 Pin=U2-24
Added Net: Name=NetC1_2
Added Pin To Net: NetName=NetC1_3 Pin=C1-3
Added Pin To Net: NetName=NetC1_3 Pin=U2-25
Added Net: Name=NetC1_3
Added Pin To Net: NetName=NetC1_4 Pin=C1-4
Added Pin To Net: NetName=NetC1_4 Pin=U2-26
Added Net: Name=NetC1_4
Added Pin To Net: NetName=NetC1_5 Pin=C1-5
Added Pin To Net: NetName=NetC1_5 Pin=U2-27
Added Net: Name=NetC1_5
Added Pin To Net: NetName=NetC1_6 Pin=C1-6
Added Pin To Net: NetName=NetC1_6 Pin=U2-28
Added Net: Name=NetC1_6
Added Pin To Net: NetName=NetC1_7 Pin=C1-7
Added Pin To Net: NetName=NetC1_7 Pin=C2-7
Added Pin To Net: NetName=NetC1_7 Pin=R?-2
Added Pin To Net: NetName=NetC1_7 Pin=RST-2
Added Pin To Net: NetName=NetC1_7 Pin=U1-1
Added Pin To Net: NetName=NetC1_7 Pin=U2-1
Added Net: Name=NetC1_7
Added Pin To Net: NetName=NetC2_1 Pin=C2-1
Added Pin To Net: NetName=NetC2_1 Pin=U1-23
Added Net: Name=NetC2_1
Added Pin To Net: NetName=NetC2_2 Pin=C2-2
Added Pin To Net: NetName=NetC2_2 Pin=U1-24
Added Net: Name=NetC2_2
Added Pin To Net: NetName=NetC2_3 Pin=C2-3
Added Pin To Net: NetName=NetC2_3 Pin=U1-25
Added Net: Name=NetC2_3
Added Pin To Net: NetName=NetC2_4 Pin=C2-4
Added Pin To Net: NetName=NetC2_4 Pin=U1-26
Added Net: Name=NetC2_4
Added Pin To Net: NetName=NetC2_5 Pin=C2-5
Added Pin To Net: NetName=NetC2_5 Pin=U1-27
Added Net: Name=NetC2_5
Added Pin To Net: NetName=NetC2_6 Pin=C2-6
Added Pin To Net: NetName=NetC2_6 Pin=U1-28
Added Net: Name=NetC2_6
Added Pin To Net: NetName=NetD1_1 Pin=D1-1
Added Pin To Net: NetName=NetD1_1 Pin=U1-2
Added Net: Name=NetD1_1
Added Pin To Net: NetName=NetD1_2 Pin=D1-2
Added Pin To Net: NetName=NetD1_2 Pin=U1-3
Added Net: Name=NetD1_2
Added Pin To Net: NetName=NetD1_3 Pin=D1-3
Added Pin To Net: NetName=NetD1_3 Pin=U1-4
Added Net: Name=NetD1_3
Added Pin To Net: NetName=NetD1_4 Pin=D1-4
Added Pin To Net: NetName=NetD1_4 Pin=U1-5
Added Net: Name=NetD1_4
Added Pin To Net: NetName=NetD1_5 Pin=D1-5
Added Pin To Net: NetName=NetD1_5 Pin=U1-6
Added Net: Name=NetD1_5
Added Pin To Net: NetName=NetD1_6 Pin=D1-6
Added Pin To Net: NetName=NetD1_6 Pin=U1-11
Added Net: Name=NetD1_6
Added Pin To Net: NetName=NetD1_7 Pin=D1-7
Added Pin To Net: NetName=NetD1_7 Pin=U1-12
Added Net: Name=NetD1_7
Added Pin To Net: NetName=NetD1_8 Pin=D1-8
Added Pin To Net: NetName=NetD1_8 Pin=U1-13
Added Net: Name=NetD1_8
Added Pin To Net: NetName=NetD2_1 Pin=D2-1
Added Pin To Net: NetName=NetD2_1 Pin=U2-2
Added Net: Name=NetD2_1
Added Pin To Net: NetName=NetD2_2 Pin=D2-2
Added Pin To Net: NetName=NetD2_2 Pin=U2-3
Added Net: Name=NetD2_2
Added Pin To Net: NetName=NetD2_3 Pin=D2-3
Added Pin To Net: NetName=NetD2_3 Pin=U2-4
Added Net: Name=NetD2_3
Added Pin To Net: NetName=NetD2_4 Pin=D2-4
Added Pin To Net: NetName=NetD2_4 Pin=U2-5
Added Net: Name=NetD2_4
Added Pin To Net: NetName=NetD2_5 Pin=D2-5
Added Pin To Net: NetName=NetD2_5 Pin=U2-6
Added Net: Name=NetD2_5
Added Pin To Net: NetName=NetD2_6 Pin=D2-6
Added Pin To Net: NetName=NetD2_6 Pin=U2-11
Added Net: Name=NetD2_6
Added Pin To Net: NetName=NetD2_7 Pin=D2-7
Added Pin To Net: NetName=NetD2_7 Pin=U2-12
Added Net: Name=NetD2_7
Added Pin To Net: NetName=NetD2_8 Pin=D2-8
Added Pin To Net: NetName=NetD2_8 Pin=U2-13
Added Net: Name=NetD2_8
Added Member To Class: ClassName=Omnicron_PCB Member=Component C10 0.1uF
Added Member To Class: ClassName=Omnicron_PCB Member=Component C11
Added Member To Class: ClassName=Omnicron_PCB Member=Component C12
Added Member To Class: ClassName=Omnicron_PCB Member=Component C13
Added Member To Class: ClassName=Omnicron_PCB Member=Component C14
Added Member To Class: ClassName=Omnicron_PCB Member=Component D2 TSW-108-08-G-S
Added Member To Class: ClassName=Omnicron_PCB Member=Component U2 ATmega328P-PU
Added Member To Class: ClassName=Omnicron_PCB Member=Component U3 L7805CP
Added Member To Class: ClassName=Omnicron_PCB Member=Component Y1
Added Member To Class: ClassName=Omnicron_PCB Member=Component Y2
