Change Component Designator: OldDesignator=B1 NewDesignator=U1_B
Change Component Designator: OldDesignator=B2 NewDesignator=U2_B
Change Component Designator: OldDesignator=C1 NewDesignator=U1_C
Change Component Designator: OldDesignator=C2 NewDesignator=U2_C
Change Component Designator: OldDesignator=D1 NewDesignator=U1_D
Change Component Designator: OldDesignator=D2 NewDesignator=U2_D
Change Net Name : Old Net Name=NetB1_1 New Net Name=NetU1_14
Change Net Name : Old Net Name=NetB1_2 New Net Name=NetU1_15
Change Net Name : Old Net Name=NetB1_3 New Net Name=NetU1_16
Change Net Name : Old Net Name=NetB1_4 New Net Name=NetU1_17
Change Net Name : Old Net Name=NetB1_5 New Net Name=NetU1_18
Change Net Name : Old Net Name=NetB1_6 New Net Name=NetU1_19
Change Net Name : Old Net Name=NetB1_7 New Net Name=NetC11_2
Change Net Name : Old Net Name=NetB1_8 New Net Name=NetC12_2
Change Net Name : Old Net Name=NetB2_1 New Net Name=NetU2_14
Change Net Name : Old Net Name=NetB2_2 New Net Name=NetU2_15
Change Net Name : Old Net Name=NetB2_3 New Net Name=NetU2_16
Change Net Name : Old Net Name=NetB2_4 New Net Name=NetU2_17
Change Net Name : Old Net Name=NetB2_5 New Net Name=NetU2_18
Change Net Name : Old Net Name=NetB2_6 New Net Name=NetU2_19
Change Net Name : Old Net Name=NetB2_7 New Net Name=NetC13_2
Change Net Name : Old Net Name=NetB2_8 New Net Name=NetC14_2
Change Net Name : Old Net Name=NetC1_1 New Net Name=NetU1_23
Change Net Name : Old Net Name=NetC1_2 New Net Name=NetU1_24
Change Net Name : Old Net Name=NetC1_3 New Net Name=NetU1_25
Change Net Name : Old Net Name=NetC1_4 New Net Name=NetU1_26
Change Net Name : Old Net Name=NetC1_5 New Net Name=NetU1_27
Change Net Name : Old Net Name=NetC1_6 New Net Name=NetU1_28
Change Net Name : Old Net Name=NetC1_7 New Net Name=NetR1_2
Change Net Name : Old Net Name=NetC2_1 New Net Name=NetU2_23
Change Net Name : Old Net Name=NetC2_2 New Net Name=NetU2_24
Change Net Name : Old Net Name=NetC2_3 New Net Name=NetU2_25
Change Net Name : Old Net Name=NetC2_4 New Net Name=NetU2_26
Change Net Name : Old Net Name=NetC2_5 New Net Name=NetU2_27
Change Net Name : Old Net Name=NetC2_6 New Net Name=NetU2_28
Change Net Name : Old Net Name=NetC2_7 New Net Name=NetR2_2
Change Net Name : Old Net Name=NetD1_1 New Net Name=NetU1_2
Change Net Name : Old Net Name=NetD1_2 New Net Name=NetU1_3
Change Net Name : Old Net Name=NetD1_3 New Net Name=NetU1_4
Change Net Name : Old Net Name=NetD1_4 New Net Name=NetU1_5
Change Net Name : Old Net Name=NetD1_5 New Net Name=NetU1_6
Change Net Name : Old Net Name=NetD1_6 New Net Name=NetU1_11
Change Net Name : Old Net Name=NetD1_7 New Net Name=NetU1_12
Change Net Name : Old Net Name=NetD1_8 New Net Name=NetU1_13
Change Net Name : Old Net Name=NetD2_1 New Net Name=NetU2_2
Change Net Name : Old Net Name=NetD2_2 New Net Name=NetU2_3
Change Net Name : Old Net Name=NetD2_3 New Net Name=NetU2_4
Change Net Name : Old Net Name=NetD2_4 New Net Name=NetU2_5
Change Net Name : Old Net Name=NetD2_5 New Net Name=NetU2_6
Change Net Name : Old Net Name=NetD2_6 New Net Name=NetU2_11
Change Net Name : Old Net Name=NetD2_7 New Net Name=NetU2_12
Change Net Name : Old Net Name=NetD2_8 New Net Name=NetU2_13
